<?xml version="1.0" encoding="UTF-8"?>
<testng-results skipped="0" failed="0" total="2" passed="2">
  <reporter-output>
  </reporter-output>
  <suite name="Suite" duration-ms="12852" started-at="2018-02-24T19:58:58Z" finished-at="2018-02-24T19:59:11Z">
    <groups>
    </groups>
    <test name="Regression" duration-ms="12852" started-at="2018-02-24T19:58:58Z" finished-at="2018-02-24T19:59:11Z">
      <class name="googleSearch.SearchGoogleBySuggestion">
        <test-method status="PASS" signature="setUp()[pri:0, instance:googleSearch.SearchGoogleBySuggestion@6a84a97d]" name="setUp" is-config="true" duration-ms="666" started-at="2018-02-24T20:59:04Z" finished-at="2018-02-24T20:59:05Z">
          <reporter-output>
          </reporter-output>
        </test-method> <!-- setUp -->
        <test-method status="PASS" signature="suggestion()[pri:0, instance:googleSearch.SearchGoogleBySuggestion@6a84a97d]" name="suggestion" duration-ms="4554" started-at="2018-02-24T20:59:05Z" finished-at="2018-02-24T20:59:10Z">
          <reporter-output>
          </reporter-output>
        </test-method> <!-- suggestion -->
        <test-method status="PASS" signature="tearDown()[pri:0, instance:googleSearch.SearchGoogleBySuggestion@6a84a97d]" name="tearDown" is-config="true" duration-ms="944" started-at="2018-02-24T20:59:10Z" finished-at="2018-02-24T20:59:11Z">
          <reporter-output>
          </reporter-output>
        </test-method> <!-- tearDown -->
      </class> <!-- googleSearch.SearchGoogleBySuggestion -->
      <class name="googleSearch.SearchGoogleByValue">
        <test-method status="PASS" signature="setUp()[pri:0, instance:googleSearch.SearchGoogleByValue@48974e45]" name="setUp" is-config="true" duration-ms="1855" started-at="2018-02-24T20:58:58Z" finished-at="2018-02-24T20:59:00Z">
          <reporter-output>
          </reporter-output>
        </test-method> <!-- setUp -->
        <test-method status="PASS" signature="searchButton()[pri:0, instance:googleSearch.SearchGoogleByValue@48974e45]" name="searchButton" duration-ms="3765" started-at="2018-02-24T20:59:00Z" finished-at="2018-02-24T20:59:03Z">
          <reporter-output>
          </reporter-output>
        </test-method> <!-- searchButton -->
        <test-method status="PASS" signature="tearDown()[pri:0, instance:googleSearch.SearchGoogleByValue@48974e45]" name="tearDown" is-config="true" duration-ms="1051" started-at="2018-02-24T20:59:03Z" finished-at="2018-02-24T20:59:04Z">
          <reporter-output>
          </reporter-output>
        </test-method> <!-- tearDown -->
      </class> <!-- googleSearch.SearchGoogleByValue -->
    </test> <!-- Regression -->
  </suite> <!-- Suite -->
</testng-results>
